This is pdfTeX, Version 3.141592653-2.6-1.40.22 (TeX Live 2022/dev/Debian) (preloaded format=pdflatex 2023.1.9)  13 JAN 2023 18:30
entering extended mode
 restricted \write18 enabled.
 %&-line parsing enabled.
**cp2223t.tex
(./cp2223t.tex
LaTeX2e <2021-11-15> patch level 1
L3 programming layer <2022-01-21>
(/usr/share/texlive/texmf-dist/tex/latex/base/article.cls
Document Class: article 2021/10/04 v1.4n Standard LaTeX document class
(/usr/share/texlive/texmf-dist/tex/latex/base/size10.clo
File: size10.clo 2021/10/04 v1.4n Standard LaTeX file (size option)
)
\c@part=\count185
\c@section=\count186
\c@subsection=\count187
\c@subsubsection=\count188
\c@paragraph=\count189
\c@subparagraph=\count190
\c@figure=\count191
\c@table=\count192
\abovecaptionskip=\skip47
\belowcaptionskip=\skip48
\bibindent=\dimen138
)
(/usr/share/texlive/texmf-dist/tex/latex/geometry/geometry.sty
Package: geometry 2020/01/02 v5.9 Page Geometry

(/usr/share/texlive/texmf-dist/tex/latex/graphics/keyval.sty
Package: keyval 2014/10/28 v1.15 key=value parser (DPC)
\KV@toks@=\toks16
)
(/usr/share/texlive/texmf-dist/tex/generic/iftex/ifvtex.sty
Package: ifvtex 2019/10/25 v1.7 ifvtex legacy package. Use iftex instead.

(/usr/share/texlive/texmf-dist/tex/generic/iftex/iftex.sty
Package: iftex 2020/03/06 v1.0d TeX engine tests
))
\Gm@cnth=\count193
\Gm@cntv=\count194
\c@Gm@tempcnt=\count195
\Gm@bindingoffset=\dimen139
\Gm@wd@mp=\dimen140
\Gm@odd@mp=\dimen141
\Gm@even@mp=\dimen142
\Gm@layoutwidth=\dimen143
\Gm@layoutheight=\dimen144
\Gm@layouthoffset=\dimen145
\Gm@layoutvoffset=\dimen146
\Gm@dimlist=\toks17
)
(/usr/share/texlive/texmf-dist/tex/latex/fira/FiraSans.sty
Package: FiraSans 2019/10/10 (Bob Tennent and autoinst) Style file for Fira San
s fonts.

(/usr/share/texlive/texmf-dist/tex/generic/iftex/ifxetex.sty
Package: ifxetex 2019/10/25 v0.7 ifxetex legacy package. Use iftex instead.
)
(/usr/share/texlive/texmf-dist/tex/generic/iftex/ifluatex.sty
Package: ifluatex 2019/10/25 v1.5 ifluatex legacy package. Use iftex instead.
)
(/usr/share/texlive/texmf-dist/tex/latex/xkeyval/xkeyval.sty
Package: xkeyval 2020/11/20 v2.8 package option processing (HA)

(/usr/share/texlive/texmf-dist/tex/generic/xkeyval/xkeyval.tex
(/usr/share/texlive/texmf-dist/tex/generic/xkeyval/xkvutils.tex
\XKV@toks=\toks18
\XKV@tempa@toks=\toks19
)
\XKV@depth=\count196
File: xkeyval.tex 2014/12/03 v2.7a key=value parser (HA)
))
(/usr/share/texlive/texmf-dist/tex/latex/base/textcomp.sty
Package: textcomp 2020/02/02 v2.0n Standard LaTeX package
)
(/usr/share/texlive/texmf-dist/tex/latex/fontaxes/fontaxes.sty
Package: fontaxes 2020/07/21 v1.0e Font selection axes
LaTeX Info: Redefining \upshape on input line 29.
LaTeX Info: Redefining \itshape on input line 31.
LaTeX Info: Redefining \slshape on input line 33.
LaTeX Info: Redefining \swshape on input line 35.
LaTeX Info: Redefining \scshape on input line 37.
LaTeX Info: Redefining \sscshape on input line 39.
LaTeX Info: Redefining \ulcshape on input line 41.
LaTeX Info: Redefining \textsw on input line 47.
LaTeX Info: Redefining \textssc on input line 48.
LaTeX Info: Redefining \textulc on input line 49.
))
(/usr/share/texlive/texmf-dist/tex/latex/hyperref/hyperref.sty
Package: hyperref 2021-06-07 v7.00m Hypertext links for LaTeX

(/usr/share/texlive/texmf-dist/tex/generic/ltxcmds/ltxcmds.sty
Package: ltxcmds 2020-05-10 v1.25 LaTeX kernel commands for general use (HO)
)
(/usr/share/texlive/texmf-dist/tex/generic/pdftexcmds/pdftexcmds.sty
Package: pdftexcmds 2020-06-27 v0.33 Utility functions of pdfTeX for LuaTeX (HO
)

(/usr/share/texlive/texmf-dist/tex/generic/infwarerr/infwarerr.sty
Package: infwarerr 2019/12/03 v1.5 Providing info/warning/error messages (HO)
)
Package pdftexcmds Info: \pdf@primitive is available.
Package pdftexcmds Info: \pdf@ifprimitive is available.
Package pdftexcmds Info: \pdfdraftmode found.
)
(/usr/share/texlive/texmf-dist/tex/generic/kvsetkeys/kvsetkeys.sty
Package: kvsetkeys 2019/12/15 v1.18 Key value parser (HO)
)
(/usr/share/texlive/texmf-dist/tex/generic/kvdefinekeys/kvdefinekeys.sty
Package: kvdefinekeys 2019-12-19 v1.6 Define keys (HO)
)
(/usr/share/texlive/texmf-dist/tex/generic/pdfescape/pdfescape.sty
Package: pdfescape 2019/12/09 v1.15 Implements pdfTeX's escape features (HO)
)
(/usr/share/texlive/texmf-dist/tex/latex/hycolor/hycolor.sty
Package: hycolor 2020-01-27 v1.10 Color options for hyperref/bookmark (HO)
)
(/usr/share/texlive/texmf-dist/tex/latex/letltxmacro/letltxmacro.sty
Package: letltxmacro 2019/12/03 v1.6 Let assignment for LaTeX macros (HO)
)
(/usr/share/texlive/texmf-dist/tex/latex/auxhook/auxhook.sty
Package: auxhook 2019-12-17 v1.6 Hooks for auxiliary files (HO)
)
(/usr/share/texlive/texmf-dist/tex/latex/kvoptions/kvoptions.sty
Package: kvoptions 2020-10-07 v3.14 Key value format for package options (HO)
)
\@linkdim=\dimen147
\Hy@linkcounter=\count197
\Hy@pagecounter=\count198

(/usr/share/texlive/texmf-dist/tex/latex/hyperref/pd1enc.def
File: pd1enc.def 2021-06-07 v7.00m Hyperref: PDFDocEncoding definition (HO)
Now handling font encoding PD1 ...
... no UTF-8 mapping file for font encoding PD1
)
(/usr/share/texlive/texmf-dist/tex/latex/hyperref/hyperref-langpatches.def
File: hyperref-langpatches.def 2021-06-07 v7.00m Hyperref: patches for babel la
nguages
)
(/usr/share/texlive/texmf-dist/tex/generic/intcalc/intcalc.sty
Package: intcalc 2019/12/15 v1.3 Expandable calculations with integers (HO)
)
(/usr/share/texlive/texmf-dist/tex/generic/etexcmds/etexcmds.sty
Package: etexcmds 2019/12/15 v1.7 Avoid name clashes with e-TeX commands (HO)
)
\Hy@SavedSpaceFactor=\count199

(/usr/share/texlive/texmf-dist/tex/latex/hyperref/puenc.def
File: puenc.def 2021-06-07 v7.00m Hyperref: PDF Unicode definition (HO)
Now handling font encoding PU ...
... no UTF-8 mapping file for font encoding PU
)
Package hyperref Info: Option `colorlinks' set `true' on input line 4073.
Package hyperref Info: Hyper figures OFF on input line 4192.
Package hyperref Info: Link nesting OFF on input line 4197.
Package hyperref Info: Hyper index ON on input line 4200.
Package hyperref Info: Plain pages OFF on input line 4207.
Package hyperref Info: Backreferencing OFF on input line 4212.
Package hyperref Info: Implicit mode ON; LaTeX internals redefined.
Package hyperref Info: Bookmarks ON on input line 4445.
\c@Hy@tempcnt=\count266

(/usr/share/texlive/texmf-dist/tex/latex/url/url.sty
\Urlmuskip=\muskip16
Package: url 2013/09/16  ver 3.4  Verb mode for urls, etc.
)
LaTeX Info: Redefining \url on input line 4804.
\XeTeXLinkMargin=\dimen148

(/usr/share/texlive/texmf-dist/tex/generic/bitset/bitset.sty
Package: bitset 2019/12/09 v1.3 Handle bit-vector datatype (HO)

(/usr/share/texlive/texmf-dist/tex/generic/bigintcalc/bigintcalc.sty
Package: bigintcalc 2019/12/15 v1.5 Expandable calculations on big integers (HO
)
))
\Fld@menulength=\count267
\Field@Width=\dimen149
\Fld@charsize=\dimen150
Package hyperref Info: Hyper figures OFF on input line 6076.
Package hyperref Info: Link nesting OFF on input line 6081.
Package hyperref Info: Hyper index ON on input line 6084.
Package hyperref Info: backreferencing OFF on input line 6091.
Package hyperref Info: Link coloring ON on input line 6094.
Package hyperref Info: Link coloring with OCG OFF on input line 6101.
Package hyperref Info: PDF/A mode OFF on input line 6106.
LaTeX Info: Redefining \ref on input line 6146.
LaTeX Info: Redefining \pageref on input line 6150.

(/usr/share/texlive/texmf-dist/tex/latex/base/atbegshi-ltx.sty
Package: atbegshi-ltx 2021/01/10 v1.0c Emulation of the original atbegshi
package with kernel methods
)
\Hy@abspage=\count268
\c@Item=\count269
\c@Hfootnote=\count270
)
Package hyperref Info: Driver (autodetected): hpdftex.

(/usr/share/texlive/texmf-dist/tex/latex/hyperref/hpdftex.def
File: hpdftex.def 2021-06-07 v7.00m Hyperref driver for pdfTeX

(/usr/share/texlive/texmf-dist/tex/latex/base/atveryend-ltx.sty
Package: atveryend-ltx 2020/08/19 v1.0a Emulation of the original atveryend pac
kage
with kernel methods
)
\Fld@listcount=\count271
\c@bookmark@seq@number=\count272

(/usr/share/texlive/texmf-dist/tex/latex/rerunfilecheck/rerunfilecheck.sty
Package: rerunfilecheck 2019/12/05 v1.9 Rerun checks for auxiliary files (HO)

(/usr/share/texlive/texmf-dist/tex/generic/uniquecounter/uniquecounter.sty
Package: uniquecounter 2019/12/15 v1.4 Provide unlimited unique counter (HO)
)
Package uniquecounter Info: New unique counter `rerunfilecheck' on input line 2
86.
)
\Hy@SectionHShift=\skip49
)
(/usr/share/texlive/texmf-dist/tex/latex/graphics/graphicx.sty
Package: graphicx 2021/09/16 v1.2d Enhanced LaTeX Graphics (DPC,SPQR)

(/usr/share/texlive/texmf-dist/tex/latex/graphics/graphics.sty
Package: graphics 2021/03/04 v1.4d Standard LaTeX Graphics (DPC,SPQR)

(/usr/share/texlive/texmf-dist/tex/latex/graphics/trig.sty
Package: trig 2021/08/11 v1.11 sin cos tan (DPC)
)
(/usr/share/texlive/texmf-dist/tex/latex/graphics-cfg/graphics.cfg
File: graphics.cfg 2016/06/04 v1.11 sample graphics configuration
)
Package graphics Info: Driver file: pdftex.def on input line 107.

(/usr/share/texlive/texmf-dist/tex/latex/graphics-def/pdftex.def
File: pdftex.def 2020/10/05 v1.2a Graphics/color driver for pdftex
))
\Gin@req@height=\dimen151
\Gin@req@width=\dimen152
)
(./cp2223t.sty (/usr/share/texlive/texmf-dist/tex/latex/base/fleqn.sty

LaTeX Warning: inputting `fleqn.clo' instead of obsolete `fleqn.sty'.

(/usr/share/texlive/texmf-dist/tex/latex/base/fleqn.clo
File: fleqn.clo 2016/12/29 v1.2b Standard LaTeX option (flush left equations)
\mathindent=\skip50
Applying: [2015/01/01] Make \[ robust on input line 50.
LaTeX Info: Redefining \[ on input line 51.
Already applied: [0000/00/00] Make \[ robust on input line 62.
Applying: [2015/01/01] Make \] robust on input line 74.
LaTeX Info: Redefining \] on input line 75.
Already applied: [0000/00/00] Make \] robust on input line 83.
))
(/usr/share/texlive/texmf-dist/tex/generic/babel/babel.sty
Package: babel 2022/01/26 3.70 The Babel package
\babel@savecnt=\count273
\U@D=\dimen153
\l@unhyphenated=\language8

(/usr/share/texlive/texmf-dist/tex/generic/babel/txtbabel.def)
\bbl@readstream=\read2
\bbl@dirlevel=\count274

(/usr/share/texlive/texmf-dist/tex/generic/babel-portuges/portuguese.ldf
Language: portuges 2021/07/09 v1.2t Portuguese support from the babel system
Package babel Info: Making " an active character on input line 143.
))
(/usr/share/texlive/texmf-dist/tex/latex/base/inputenc.sty
Package: inputenc 2021/02/14 v1.3d Input encoding file
\inpenc@prehook=\toks20
\inpenc@posthook=\toks21
)
(/usr/share/texlive/texmf-dist/tex/latex/psnfss/mathptmx.sty
Package: mathptmx 2020/03/25 PSNFSS-v9.3 Times w/ Math, improved (SPQR, WaS) 
LaTeX Font Info:    Redeclaring symbol font `operators' on input line 28.
LaTeX Font Info:    Overwriting symbol font `operators' in version `normal'
(Font)                  OT1/cmr/m/n --> OT1/ztmcm/m/n on input line 28.
LaTeX Font Info:    Overwriting symbol font `operators' in version `bold'
(Font)                  OT1/cmr/bx/n --> OT1/ztmcm/m/n on input line 28.
LaTeX Font Info:    Redeclaring symbol font `letters' on input line 29.
LaTeX Font Info:    Overwriting symbol font `letters' in version `normal'
(Font)                  OML/cmm/m/it --> OML/ztmcm/m/it on input line 29.
LaTeX Font Info:    Overwriting symbol font `letters' in version `bold'
(Font)                  OML/cmm/b/it --> OML/ztmcm/m/it on input line 29.
LaTeX Font Info:    Redeclaring symbol font `symbols' on input line 30.
LaTeX Font Info:    Overwriting symbol font `symbols' in version `normal'
(Font)                  OMS/cmsy/m/n --> OMS/ztmcm/m/n on input line 30.
LaTeX Font Info:    Overwriting symbol font `symbols' in version `bold'
(Font)                  OMS/cmsy/b/n --> OMS/ztmcm/m/n on input line 30.
LaTeX Font Info:    Redeclaring symbol font `largesymbols' on input line 31.
LaTeX Font Info:    Overwriting symbol font `largesymbols' in version `normal'
(Font)                  OMX/cmex/m/n --> OMX/ztmcm/m/n on input line 31.
LaTeX Font Info:    Overwriting symbol font `largesymbols' in version `bold'
(Font)                  OMX/cmex/m/n --> OMX/ztmcm/m/n on input line 31.
\symbold=\mathgroup4
\symitalic=\mathgroup5
LaTeX Font Info:    Redeclaring math alphabet \mathbf on input line 34.
LaTeX Font Info:    Overwriting math alphabet `\mathbf' in version `normal'
(Font)                  OT1/cmr/bx/n --> OT1/ptm/bx/n on input line 34.
LaTeX Font Info:    Overwriting math alphabet `\mathbf' in version `bold'
(Font)                  OT1/cmr/bx/n --> OT1/ptm/bx/n on input line 34.
LaTeX Font Info:    Redeclaring math alphabet \mathit on input line 35.
LaTeX Font Info:    Overwriting math alphabet `\mathit' in version `normal'
(Font)                  OT1/cmr/m/it --> OT1/ptm/m/it on input line 35.
LaTeX Font Info:    Overwriting math alphabet `\mathit' in version `bold'
(Font)                  OT1/cmr/bx/it --> OT1/ptm/m/it on input line 35.
LaTeX Info: Redefining \hbar on input line 50.
)
(/usr/share/texlive/texmf-dist/tex/latex/tools/tabularx.sty
Package: tabularx 2020/01/15 v2.11c `tabularx' package (DPC)

(/usr/share/texlive/texmf-dist/tex/latex/tools/array.sty
Package: array 2021/10/04 v2.5f Tabular extension package (FMi)
\col@sep=\dimen154
\ar@mcellbox=\box50
\extrarowheight=\dimen155
\NC@list=\toks22
\extratabsurround=\skip51
\backup@length=\skip52
\ar@cellbox=\box51
)
\TX@col@width=\dimen156
\TX@old@table=\dimen157
\TX@old@col=\dimen158
\TX@target=\dimen159
\TX@delta=\dimen160
\TX@cols=\count275
\TX@ftn=\toks23
)
\c@teste=\count276
\c@propriedade=\count277

(/usr/share/texlive/texmf-dist/tex/latex/fancyvrb/fancyvrb.sty
Package: fancyvrb 2021/12/21 4.1b verbatim text (tvz,hv)
\FV@CodeLineNo=\count278
\FV@InFile=\read3
\FV@TabBox=\box52
\c@FancyVerbLine=\count279
\FV@StepNumber=\count280
\FV@OutFile=\write3
)
(/usr/share/texlive/texmf-dist/tex/generic/xypic/xy.sty
(/usr/share/texlive/texmf-dist/tex/generic/xypic/xy.tex Bootstrap'ing:
catcodes, docmode, (/usr/share/texlive/texmf-dist/tex/generic/xypic/xyrecat.tex
) (/usr/share/texlive/texmf-dist/tex/generic/xypic/xyidioms.tex)

 Xy-pic version 3.8.9 <2013/10/06>
 Copyright (c) 1991-2013 by Kristoffer H. Rose <krisrose@tug.org> and others
 Xy-pic is free software: see the User's Guide for details.

Loading kernel: messages; fonts; allocations: state,
\X@c=\dimen161
\Y@c=\dimen162
\U@c=\dimen163
\D@c=\dimen164
\L@c=\dimen165
\R@c=\dimen166
\Edge@c=\toks24
\X@p=\dimen167
\Y@p=\dimen168
\U@p=\dimen169
\D@p=\dimen170
\L@p=\dimen171
\R@p=\dimen172
\Edge@p=\toks25
\X@origin=\dimen173
\Y@origin=\dimen174
\X@xbase=\dimen175
\Y@xbase=\dimen176
\X@ybase=\dimen177
\Y@ybase=\dimen178
\X@min=\dimen179
\Y@min=\dimen180
\X@max=\dimen181
\Y@max=\dimen182
\lastobjectbox@=\box53
\zerodotbox@=\box54
\almostz@=\dimen183
 direction,
\d@X=\dimen184
\d@Y=\dimen185
\K@=\count281
\KK@=\count282
\Direction=\count283
\K@dXdY=\dimen186
\K@dYdX=\dimen187
\xyread@=\read4
\xywrite@=\write4
\csp@=\count284
\quotPTK@=\dimen188

utility macros; pictures: \xy, positions,
\swaptoks@@=\toks26
\connectobjectbox@@=\box55
 objects,
\styletoks@=\toks27
 decorations;
kernel objects: directionals, circles, text; options; algorithms: directions,
edges, connections;  Xy-pic loaded)
(/usr/share/texlive/texmf-dist/tex/generic/iftex/ifpdf.sty
Package: ifpdf 2019/10/25 v3.4 ifpdf legacy package. Use iftex instead.
)
Package: xy 2013/10/06 Xy-pic version 3.8.9

(/usr/share/texlive/texmf-dist/tex/generic/xypic/xyall.tex
 Xy-pic option: All features v.3.8
(/usr/share/texlive/texmf-dist/tex/generic/xypic/xycurve.tex
 Xy-pic option: Curve and Spline extension v.3.12 curve,
\crv@cnt@=\count285
\crvpts@=\toks28
\splinebox@=\box56
\splineval@=\dimen189
\splinedepth@=\dimen190
\splinetol@=\dimen191
\splinelength@=\dimen192
 circles,
\L@=\dimen193
 loaded)
(/usr/share/texlive/texmf-dist/tex/generic/xypic/xyframe.tex
 Xy-pic option: Frame and Bracket extension v.3.14 loaded)
(/usr/share/texlive/texmf-dist/tex/generic/xypic/xycmtip.tex
 Xy-pic option: Computer Modern tip extension v.3.7
(/usr/share/texlive/texmf-dist/tex/generic/xypic/xytips.tex
 Xy-pic option: More Tips extension v.3.11 loaded) loaded)
(/usr/share/texlive/texmf-dist/tex/generic/xypic/xyline.tex
 Xy-pic option: Line styles extension v.3.10
\xylinethick@=\dimen194
 loaded)
(/usr/share/texlive/texmf-dist/tex/generic/xypic/xyrotate.tex
 Xy-pic option: Rotate and Scale extension v.3.8 loaded)
(/usr/share/texlive/texmf-dist/tex/generic/xypic/xycolor.tex
 Xy-pic option: Colour extension v.3.11 loaded)
(/usr/share/texlive/texmf-dist/tex/generic/xypic/xymatrix.tex
 Xy-pic option: Matrix feature v.3.14
\Row=\count286
\Col=\count287
\queue@=\toks29
\queue@@=\toks30
\qcount@=\count288
\qcount@@=\count289
\matrixsize@=\count290
 loaded)
(/usr/share/texlive/texmf-dist/tex/generic/xypic/xyarrow.tex
 Xy-pic option: Arrow and Path feature v.3.9 path, \ar, loaded)
(/usr/share/texlive/texmf-dist/tex/generic/xypic/xygraph.tex
 Xy-pic option: Graph feature v.3.11 loaded) loaded)
(/usr/share/texlive/texmf-dist/tex/generic/xypic/xypdf.tex
 Xy-pic option: PDF driver v.1.7 Xy-pic pdf driver: `color' extension support
(/usr/share/texlive/texmf-dist/tex/generic/xypic/xypdf-co.tex loaded)
Xy-pic pdf driver: `curve' extension support
(/usr/share/texlive/texmf-dist/tex/generic/xypic/xypdf-cu.tex loaded)
Xy-pic pdf driver: `frame' extension support
(/usr/share/texlive/texmf-dist/tex/generic/xypic/xypdf-fr.tex loaded)
Xy-pic pdf driver: `line' extension support
(/usr/share/texlive/texmf-dist/tex/generic/xypic/xypdf-li.tex loaded)
Xy-pic pdf driver: `rotate' extension support
(/usr/share/texlive/texmf-dist/tex/generic/xypic/xypdf-ro.tex loaded) loaded))
(/usr/share/texlive/texmf-dist/tex/latex/graphics/color.sty
Package: color 2021/12/07 v1.3c Standard LaTeX Color (DPC)

(/usr/share/texlive/texmf-dist/tex/latex/graphics-cfg/color.cfg
File: color.cfg 2016/01/02 v1.6 sample color configuration
)
Package color Info: Driver file: pdftex.def on input line 149.
)
(/usr/share/texlive/texmf-dist/tex/latex/xcolor/xcolor.sty
Package: xcolor 2021/10/31 v2.13 LaTeX color extensions (UK)

(/usr/share/texlive/texmf-dist/tex/latex/graphics-cfg/color.cfg
File: color.cfg 2016/01/02 v1.6 sample color configuration
)
Package xcolor Info: Driver file: pdftex.def on input line 227.
LaTeX Info: Redefining \color on input line 711.
Package xcolor Info: Model `cmy' substituted by `cmy0' on input line 1352.
Package xcolor Info: Model `hsb' substituted by `rgb' on input line 1356.
Package xcolor Info: Model `RGB' extended on input line 1368.
Package xcolor Info: Model `HTML' substituted by `rgb' on input line 1370.
Package xcolor Info: Model `Hsb' substituted by `hsb' on input line 1371.
Package xcolor Info: Model `tHsb' substituted by `hsb' on input line 1372.
Package xcolor Info: Model `HSB' substituted by `hsb' on input line 1373.
Package xcolor Info: Model `Gray' substituted by `gray' on input line 1374.
Package xcolor Info: Model `wave' substituted by `hsb' on input line 1375.

(/usr/share/texlive/texmf-dist/tex/latex/graphics/dvipsnam.def
File: dvipsnam.def 2016/06/17 v3.0m Driver-dependent file (DPC,SPQR)
))
(/usr/share/texlive/texmf-dist/tex/latex/listings/listings.sty
\lst@mode=\count291
\lst@gtempboxa=\box57
\lst@token=\toks31
\lst@length=\count292
\lst@currlwidth=\dimen195
\lst@column=\count293
\lst@pos=\count294
\lst@lostspace=\dimen196
\lst@width=\dimen197
\lst@newlines=\count295
\lst@lineno=\count296
\lst@maxwidth=\dimen198

(/usr/share/texlive/texmf-dist/tex/latex/listings/lstmisc.sty
File: lstmisc.sty 2020/03/24 1.8d (Carsten Heinz)
\c@lstnumber=\count297
\lst@skipnumbers=\count298
\lst@framebox=\box58
)
(/usr/share/texlive/texmf-dist/tex/latex/listings/listings.cfg
File: listings.cfg 2020/03/24 1.8d listings configuration
))
Package: listings 2020/03/24 1.8d (Carsten Heinz)

(/usr/share/texlive/texmf-dist/tex/latex/pgf/frontendlayer/tikz.sty
(/usr/share/texlive/texmf-dist/tex/latex/pgf/basiclayer/pgf.sty
(/usr/share/texlive/texmf-dist/tex/latex/pgf/utilities/pgfrcs.sty
(/usr/share/texlive/texmf-dist/tex/generic/pgf/utilities/pgfutil-common.tex
\pgfutil@everybye=\toks32
\pgfutil@tempdima=\dimen199
\pgfutil@tempdimb=\dimen256

(/usr/share/texlive/texmf-dist/tex/generic/pgf/utilities/pgfutil-common-lists.t
ex)) (/usr/share/texlive/texmf-dist/tex/generic/pgf/utilities/pgfutil-latex.def
\pgfutil@abb=\box59
) (/usr/share/texlive/texmf-dist/tex/generic/pgf/utilities/pgfrcs.code.tex
(/usr/share/texlive/texmf-dist/tex/generic/pgf/pgf.revision.tex)
Package: pgfrcs 2021/05/15 v3.1.9a (3.1.9a)
))
Package: pgf 2021/05/15 v3.1.9a (3.1.9a)

(/usr/share/texlive/texmf-dist/tex/latex/pgf/basiclayer/pgfcore.sty
(/usr/share/texlive/texmf-dist/tex/latex/pgf/systemlayer/pgfsys.sty
(/usr/share/texlive/texmf-dist/tex/generic/pgf/systemlayer/pgfsys.code.tex
Package: pgfsys 2021/05/15 v3.1.9a (3.1.9a)

(/usr/share/texlive/texmf-dist/tex/generic/pgf/utilities/pgfkeys.code.tex
\pgfkeys@pathtoks=\toks33
\pgfkeys@temptoks=\toks34

(/usr/share/texlive/texmf-dist/tex/generic/pgf/utilities/pgfkeysfiltered.code.t
ex
\pgfkeys@tmptoks=\toks35
))
\pgf@x=\dimen257
\pgf@y=\dimen258
\pgf@xa=\dimen259
\pgf@ya=\dimen260
\pgf@xb=\dimen261
\pgf@yb=\dimen262
\pgf@xc=\dimen263
\pgf@yc=\dimen264
\pgf@xd=\dimen265
\pgf@yd=\dimen266
\w@pgf@writea=\write5
\r@pgf@reada=\read5
\c@pgf@counta=\count299
\c@pgf@countb=\count300
\c@pgf@countc=\count301
\c@pgf@countd=\count302
\t@pgf@toka=\toks36
\t@pgf@tokb=\toks37
\t@pgf@tokc=\toks38
\pgf@sys@id@count=\count303
 (/usr/share/texlive/texmf-dist/tex/generic/pgf/systemlayer/pgf.cfg
File: pgf.cfg 2021/05/15 v3.1.9a (3.1.9a)
)
Driver file for pgf: pgfsys-pdftex.def

(/usr/share/texlive/texmf-dist/tex/generic/pgf/systemlayer/pgfsys-pdftex.def
File: pgfsys-pdftex.def 2021/05/15 v3.1.9a (3.1.9a)

(/usr/share/texlive/texmf-dist/tex/generic/pgf/systemlayer/pgfsys-common-pdf.de
f
File: pgfsys-common-pdf.def 2021/05/15 v3.1.9a (3.1.9a)
)))
(/usr/share/texlive/texmf-dist/tex/generic/pgf/systemlayer/pgfsyssoftpath.code.
tex
File: pgfsyssoftpath.code.tex 2021/05/15 v3.1.9a (3.1.9a)
\pgfsyssoftpath@smallbuffer@items=\count304
\pgfsyssoftpath@bigbuffer@items=\count305
)
(/usr/share/texlive/texmf-dist/tex/generic/pgf/systemlayer/pgfsysprotocol.code.
tex
File: pgfsysprotocol.code.tex 2021/05/15 v3.1.9a (3.1.9a)
))
(/usr/share/texlive/texmf-dist/tex/generic/pgf/basiclayer/pgfcore.code.tex
Package: pgfcore 2021/05/15 v3.1.9a (3.1.9a)

(/usr/share/texlive/texmf-dist/tex/generic/pgf/math/pgfmath.code.tex
(/usr/share/texlive/texmf-dist/tex/generic/pgf/math/pgfmathcalc.code.tex
(/usr/share/texlive/texmf-dist/tex/generic/pgf/math/pgfmathutil.code.tex)
(/usr/share/texlive/texmf-dist/tex/generic/pgf/math/pgfmathparser.code.tex
\pgfmath@dimen=\dimen267
\pgfmath@count=\count306
\pgfmath@box=\box60
\pgfmath@toks=\toks39
\pgfmath@stack@operand=\toks40
\pgfmath@stack@operation=\toks41
)
(/usr/share/texlive/texmf-dist/tex/generic/pgf/math/pgfmathfunctions.code.tex
(/usr/share/texlive/texmf-dist/tex/generic/pgf/math/pgfmathfunctions.basic.code
.tex)
(/usr/share/texlive/texmf-dist/tex/generic/pgf/math/pgfmathfunctions.trigonomet
ric.code.tex)
(/usr/share/texlive/texmf-dist/tex/generic/pgf/math/pgfmathfunctions.random.cod
e.tex)
(/usr/share/texlive/texmf-dist/tex/generic/pgf/math/pgfmathfunctions.comparison
.code.tex)
(/usr/share/texlive/texmf-dist/tex/generic/pgf/math/pgfmathfunctions.base.code.
tex)
(/usr/share/texlive/texmf-dist/tex/generic/pgf/math/pgfmathfunctions.round.code
.tex)
(/usr/share/texlive/texmf-dist/tex/generic/pgf/math/pgfmathfunctions.misc.code.
tex)
(/usr/share/texlive/texmf-dist/tex/generic/pgf/math/pgfmathfunctions.integerari
thmetics.code.tex)))
(/usr/share/texlive/texmf-dist/tex/generic/pgf/math/pgfmathfloat.code.tex
\c@pgfmathroundto@lastzeros=\count307
))
(/usr/share/texlive/texmf-dist/tex/generic/pgf/math/pgfint.code.tex)
(/usr/share/texlive/texmf-dist/tex/generic/pgf/basiclayer/pgfcorepoints.code.te
x
File: pgfcorepoints.code.tex 2021/05/15 v3.1.9a (3.1.9a)
\pgf@picminx=\dimen268
\pgf@picmaxx=\dimen269
\pgf@picminy=\dimen270
\pgf@picmaxy=\dimen271
\pgf@pathminx=\dimen272
\pgf@pathmaxx=\dimen273
\pgf@pathminy=\dimen274
\pgf@pathmaxy=\dimen275
\pgf@xx=\dimen276
\pgf@xy=\dimen277
\pgf@yx=\dimen278
\pgf@yy=\dimen279
\pgf@zx=\dimen280
\pgf@zy=\dimen281
)
(/usr/share/texlive/texmf-dist/tex/generic/pgf/basiclayer/pgfcorepathconstruct.
code.tex
File: pgfcorepathconstruct.code.tex 2021/05/15 v3.1.9a (3.1.9a)
\pgf@path@lastx=\dimen282
\pgf@path@lasty=\dimen283
)
(/usr/share/texlive/texmf-dist/tex/generic/pgf/basiclayer/pgfcorepathusage.code
.tex
File: pgfcorepathusage.code.tex 2021/05/15 v3.1.9a (3.1.9a)
\pgf@shorten@end@additional=\dimen284
\pgf@shorten@start@additional=\dimen285
)
(/usr/share/texlive/texmf-dist/tex/generic/pgf/basiclayer/pgfcorescopes.code.te
x
File: pgfcorescopes.code.tex 2021/05/15 v3.1.9a (3.1.9a)
\pgfpic=\box61
\pgf@hbox=\box62
\pgf@layerbox@main=\box63
\pgf@picture@serial@count=\count308
)
(/usr/share/texlive/texmf-dist/tex/generic/pgf/basiclayer/pgfcoregraphicstate.c
ode.tex
File: pgfcoregraphicstate.code.tex 2021/05/15 v3.1.9a (3.1.9a)
\pgflinewidth=\dimen286
)
(/usr/share/texlive/texmf-dist/tex/generic/pgf/basiclayer/pgfcoretransformation
s.code.tex
File: pgfcoretransformations.code.tex 2021/05/15 v3.1.9a (3.1.9a)
\pgf@pt@x=\dimen287
\pgf@pt@y=\dimen288
\pgf@pt@temp=\dimen289
)
(/usr/share/texlive/texmf-dist/tex/generic/pgf/basiclayer/pgfcorequick.code.tex
File: pgfcorequick.code.tex 2021/05/15 v3.1.9a (3.1.9a)
)
(/usr/share/texlive/texmf-dist/tex/generic/pgf/basiclayer/pgfcoreobjects.code.t
ex
File: pgfcoreobjects.code.tex 2021/05/15 v3.1.9a (3.1.9a)
)
(/usr/share/texlive/texmf-dist/tex/generic/pgf/basiclayer/pgfcorepathprocessing
.code.tex
File: pgfcorepathprocessing.code.tex 2021/05/15 v3.1.9a (3.1.9a)
)
(/usr/share/texlive/texmf-dist/tex/generic/pgf/basiclayer/pgfcorearrows.code.te
x
File: pgfcorearrows.code.tex 2021/05/15 v3.1.9a (3.1.9a)
\pgfarrowsep=\dimen290
)
(/usr/share/texlive/texmf-dist/tex/generic/pgf/basiclayer/pgfcoreshade.code.tex
File: pgfcoreshade.code.tex 2021/05/15 v3.1.9a (3.1.9a)
\pgf@max=\dimen291
\pgf@sys@shading@range@num=\count309
\pgf@shadingcount=\count310
)
(/usr/share/texlive/texmf-dist/tex/generic/pgf/basiclayer/pgfcoreimage.code.tex
File: pgfcoreimage.code.tex 2021/05/15 v3.1.9a (3.1.9a)

(/usr/share/texlive/texmf-dist/tex/generic/pgf/basiclayer/pgfcoreexternal.code.
tex
File: pgfcoreexternal.code.tex 2021/05/15 v3.1.9a (3.1.9a)
\pgfexternal@startupbox=\box64
))
(/usr/share/texlive/texmf-dist/tex/generic/pgf/basiclayer/pgfcorelayers.code.te
x
File: pgfcorelayers.code.tex 2021/05/15 v3.1.9a (3.1.9a)
)
(/usr/share/texlive/texmf-dist/tex/generic/pgf/basiclayer/pgfcoretransparency.c
ode.tex
File: pgfcoretransparency.code.tex 2021/05/15 v3.1.9a (3.1.9a)
)
(/usr/share/texlive/texmf-dist/tex/generic/pgf/basiclayer/pgfcorepatterns.code.
tex
File: pgfcorepatterns.code.tex 2021/05/15 v3.1.9a (3.1.9a)
)
(/usr/share/texlive/texmf-dist/tex/generic/pgf/basiclayer/pgfcorerdf.code.tex
File: pgfcorerdf.code.tex 2021/05/15 v3.1.9a (3.1.9a)
)))
(/usr/share/texlive/texmf-dist/tex/generic/pgf/modules/pgfmoduleshapes.code.tex
File: pgfmoduleshapes.code.tex 2021/05/15 v3.1.9a (3.1.9a)
\pgfnodeparttextbox=\box65
) (/usr/share/texlive/texmf-dist/tex/generic/pgf/modules/pgfmoduleplot.code.tex
File: pgfmoduleplot.code.tex 2021/05/15 v3.1.9a (3.1.9a)
)
(/usr/share/texlive/texmf-dist/tex/latex/pgf/compatibility/pgfcomp-version-0-65
.sty
Package: pgfcomp-version-0-65 2021/05/15 v3.1.9a (3.1.9a)
\pgf@nodesepstart=\dimen292
\pgf@nodesepend=\dimen293
)
(/usr/share/texlive/texmf-dist/tex/latex/pgf/compatibility/pgfcomp-version-1-18
.sty
Package: pgfcomp-version-1-18 2021/05/15 v3.1.9a (3.1.9a)
)) (/usr/share/texlive/texmf-dist/tex/latex/pgf/utilities/pgffor.sty
(/usr/share/texlive/texmf-dist/tex/latex/pgf/utilities/pgfkeys.sty
(/usr/share/texlive/texmf-dist/tex/generic/pgf/utilities/pgfkeys.code.tex))
(/usr/share/texlive/texmf-dist/tex/latex/pgf/math/pgfmath.sty
(/usr/share/texlive/texmf-dist/tex/generic/pgf/math/pgfmath.code.tex))
(/usr/share/texlive/texmf-dist/tex/generic/pgf/utilities/pgffor.code.tex
Package: pgffor 2021/05/15 v3.1.9a (3.1.9a)

(/usr/share/texlive/texmf-dist/tex/generic/pgf/math/pgfmath.code.tex)
\pgffor@iter=\dimen294
\pgffor@skip=\dimen295
\pgffor@stack=\toks42
\pgffor@toks=\toks43
))
(/usr/share/texlive/texmf-dist/tex/generic/pgf/frontendlayer/tikz/tikz.code.tex
Package: tikz 2021/05/15 v3.1.9a (3.1.9a)

(/usr/share/texlive/texmf-dist/tex/generic/pgf/libraries/pgflibraryplothandlers
.code.tex
File: pgflibraryplothandlers.code.tex 2021/05/15 v3.1.9a (3.1.9a)
\pgf@plot@mark@count=\count311
\pgfplotmarksize=\dimen296
)
\tikz@lastx=\dimen297
\tikz@lasty=\dimen298
\tikz@lastxsaved=\dimen299
\tikz@lastysaved=\dimen300
\tikz@lastmovetox=\dimen301
\tikz@lastmovetoy=\dimen302
\tikzleveldistance=\dimen303
\tikzsiblingdistance=\dimen304
\tikz@figbox=\box66
\tikz@figbox@bg=\box67
\tikz@tempbox=\box68
\tikz@tempbox@bg=\box69
\tikztreelevel=\count312
\tikznumberofchildren=\count313
\tikznumberofcurrentchild=\count314
\tikz@fig@count=\count315

(/usr/share/texlive/texmf-dist/tex/generic/pgf/modules/pgfmodulematrix.code.tex
File: pgfmodulematrix.code.tex 2021/05/15 v3.1.9a (3.1.9a)
\pgfmatrixcurrentrow=\count316
\pgfmatrixcurrentcolumn=\count317
\pgf@matrix@numberofcolumns=\count318
)
\tikz@expandcount=\count319

(/usr/share/texlive/texmf-dist/tex/generic/pgf/frontendlayer/tikz/libraries/tik
zlibrarytopaths.code.tex
File: tikzlibrarytopaths.code.tex 2021/05/15 v3.1.9a (3.1.9a)
)))
(/usr/share/texlive/texmf-dist/tex/latex/tikz-qtree/tikz-qtree.sty
(/usr/share/texlive/texmf-dist/tex/latex/tikz-qtree/pgftree.sty
(/usr/share/texlive/texmf-dist/tex/latex/tikz-qtree/pgfsubpic.sty
(/usr/share/texlive/texmf-dist/tex/latex/tikz-qtree/pgfsubpic.tex
\pgf@subpicminx=\dimen305
\pgf@subpicminy=\dimen306
\pgf@subpicmaxx=\dimen307
\pgf@subpicmaxy=\dimen308
))
(/usr/share/texlive/texmf-dist/tex/latex/tikz-qtree/pgftree.tex
\levelsep=\dimen309
\subtreesep=\dimen310
\smuggle@levelsep=\dimen311
\smuggle@subtreesep=\dimen312
\this@levelsep=\dimen313
\this@subtreesep=\dimen314
\pgftree@childx=\dimen315
\pgftree@savechildx=\dimen316
\pgftree@childy=\dimen317
\pgftree@savechildy=\dimen318
\pgftree@childi=\count320
\pgftree@savechildi=\count321
\pgftree@level=\count322
\pgftree@depth=\dimen319
\pgf@subpic@hbox@children=\box70
\pgf@subpic@minx@children=\dimen320
\pgf@subpic@miny@children=\dimen321
\pgf@subpic@maxx@children=\dimen322
\pgf@subpic@maxy@children=\dimen323
\pgftree@lastchildx=\dimen324
\pgftree@lastchildy=\dimen325
))
(/usr/share/texlive/texmf-dist/tex/latex/tikz-qtree/tikz-qtree.tex
\@result=\toks44
\child@list=\toks45
\root@node=\toks46
))
(/usr/share/texlive/texmf-dist/tex/generic/pgf/frontendlayer/tikz/libraries/tik
zlibrarytrees.code.tex
File: tikzlibrarytrees.code.tex 2021/05/15 v3.1.9a (3.1.9a)
)
(/usr/share/texlive/texmf-dist/tex/latex/tcolorbox/tcolorbox.sty
Package: tcolorbox 2022/01/07 version 5.0.2 text color boxes

(/usr/share/texlive/texmf-dist/tex/latex/tools/verbatim.sty
Package: verbatim 2020-07-07 v1.5u LaTeX2e package for verbatim enhancements
\every@verbatim=\toks47
\verbatim@line=\toks48
\verbatim@in@stream=\read6
)
(/usr/share/texlive/texmf-dist/tex/latex/environ/environ.sty
Package: environ 2014/05/04 v0.3 A new way to define environments

(/usr/share/texlive/texmf-dist/tex/latex/trimspaces/trimspaces.sty
Package: trimspaces 2009/09/17 v1.1 Trim spaces around a token list
)
\@envbody=\toks49
)
(/usr/share/texlive/texmf-dist/tex/latex/etoolbox/etoolbox.sty
Package: etoolbox 2020/10/05 v2.5k e-TeX tools for LaTeX (JAW)
\etb@tempcnta=\count323
)
\tcb@titlebox=\box71
\tcb@upperbox=\box72
\tcb@lowerbox=\box73
\tcb@phantombox=\box74
\c@tcbbreakpart=\count324
\c@tcblayer=\count325
\c@tcolorbox@number=\count326
\tcb@temp=\box75
\tcb@temp=\box76
\tcb@temp=\box77
\tcb@temp=\box78

(/usr/share/texlive/texmf-dist/tex/latex/tcolorbox/tcbraster.code.tex
Library (tcolorbox): 'tcbraster.code.tex' version '5.0.2'
\c@tcbrastercolumn=\count327
\c@tcbrasterrow=\count328
\c@tcbrasternum=\count329
\c@tcbraster=\count330
) (/usr/share/texlive/texmf-dist/tex/latex/tcolorbox/tcbskins.code.tex
Library (tcolorbox): 'tcbskins.code.tex' version '5.0.2'
\tcb@waterbox=\box79
(/usr/share/texlive/texmf-dist/tex/latex/tcolorbox/tcbskinsjigsaw.code.tex
Library (tcolorbox): 'tcbskinsjigsaw.code.tex' version '5.0.2'
)) (/usr/share/texlive/texmf-dist/tex/latex/tcolorbox/tcbbreakable.code.tex
Library (tcolorbox): 'tcbbreakable.code.tex' version '5.0.2'
(/usr/share/texlive/texmf-dist/tex/generic/oberdiek/pdfcol.sty
Package: pdfcol 2019/12/29 v1.6 Handle new color stacks for pdfTeX (HO)
)
Package pdfcol Info: New color stack `tcb@breakable' = 1 on input line 23.
\tcb@testbox=\box80
\tcb@totalupperbox=\box81
\tcb@totallowerbox=\box82
)
(/usr/share/texlive/texmf-dist/tex/latex/tcolorbox/tcbhooks.code.tex
Library (tcolorbox): 'tcbhooks.code.tex' version '5.0.2'
) (/usr/share/texlive/texmf-dist/tex/latex/tcolorbox/tcbtheorems.code.tex
Library (tcolorbox): 'tcbtheorems.code.tex' version '5.0.2'
(/usr/share/texlive/texmf-dist/tex/latex/amsmath/amsmath.sty
Package: amsmath 2021/10/15 v2.17l AMS math features
\@mathmargin=\skip53

For additional information on amsmath, use the `?' option.
(/usr/share/texlive/texmf-dist/tex/latex/amsmath/amstext.sty
Package: amstext 2021/08/26 v2.01 AMS text

(/usr/share/texlive/texmf-dist/tex/latex/amsmath/amsgen.sty
File: amsgen.sty 1999/11/30 v2.0 generic functions
\@emptytoks=\toks50
\ex@=\dimen326
))
(/usr/share/texlive/texmf-dist/tex/latex/amsmath/amsbsy.sty
Package: amsbsy 1999/11/29 v1.2d Bold Symbols
\pmbraise@=\dimen327
)
(/usr/share/texlive/texmf-dist/tex/latex/amsmath/amsopn.sty
Package: amsopn 2021/08/26 v2.02 operator names
)
\inf@bad=\count331
LaTeX Info: Redefining \frac on input line 234.
\uproot@=\count332
\leftroot@=\count333
LaTeX Info: Redefining \overline on input line 399.
\classnum@=\count334
\DOTSCASE@=\count335
LaTeX Info: Redefining \ldots on input line 496.
LaTeX Info: Redefining \dots on input line 499.
LaTeX Info: Redefining \cdots on input line 620.
\Mathstrutbox@=\box83
\strutbox@=\box84
\big@size=\dimen328
LaTeX Font Info:    Redeclaring font encoding OML on input line 743.
LaTeX Font Info:    Redeclaring font encoding OMS on input line 744.
\macc@depth=\count336
\c@MaxMatrixCols=\count337
\dotsspace@=\muskip17
\c@parentequation=\count338
\dspbrk@lvl=\count339
\tag@help=\toks51
\row@=\count340
\column@=\count341
\maxfields@=\count342
\andhelp@=\toks52
\eqnshift@=\dimen329
\alignsep@=\dimen330
\tagshift@=\dimen331
\tagwidth@=\dimen332
\totwidth@=\dimen333
\lineht@=\dimen334
\@envbody=\toks53
\multlinegap=\skip54
\multlinetaggap=\skip55
\mathdisplay@stack=\toks54
LaTeX Info: Redefining \[ on input line 2938.
LaTeX Info: Redefining \] on input line 2939.
))
(/usr/share/texlive/texmf-dist/tex/latex/tcolorbox/tcbfitting.code.tex
Library (tcolorbox): 'tcbfitting.code.tex' version '5.0.2'
\tcbfitdim=\dimen335
\tcb@lowerfitdim=\dimen336
\tcb@upperfitdim=\dimen337
\tcb@cur@hbadness=\count343
) (/usr/share/texlive/texmf-dist/tex/latex/tcolorbox/tcbxparse.code.tex
Library (tcolorbox): 'tcbxparse.code.tex' version '5.0.2'
(/usr/share/texlive/texmf-dist/tex/latex/l3packages/xparse/xparse.sty
(/usr/share/texlive/texmf-dist/tex/latex/l3kernel/expl3.sty
Package: expl3 2022-01-21 L3 programming layer (loader) 

(/usr/share/texlive/texmf-dist/tex/latex/l3backend/l3backend-pdftex.def
File: l3backend-pdftex.def 2022-01-12 L3 backend support: PDF output (pdfTeX)
\l__color_backend_stack_int=\count344
\l__pdf_internal_box=\box85
))
Package: xparse 2022-01-12 L3 Experimental document command parser
)))
(/usr/share/texlive/texmf-dist/tex/latex/base/makeidx.sty
Package: makeidx 2021/10/04 v1.0m Standard LaTeX package
)
\pn=\count345
)
(/usr/share/texlive/texmf-dist/tex/latex/caption/subcaption.sty
Package: subcaption 2020/10/07 v1.3j Sub-captions (AR)

(/usr/share/texlive/texmf-dist/tex/latex/caption/caption.sty
Package: caption 2020/10/26 v3.5g Customizing captions (AR)

(/usr/share/texlive/texmf-dist/tex/latex/caption/caption3.sty
Package: caption3 2020/10/21 v2.2e caption3 kernel (AR)
\captionmargin=\dimen338
\captionmargin@=\dimen339
\captionwidth=\dimen340
\caption@tempdima=\dimen341
\caption@indent=\dimen342
\caption@parindent=\dimen343
\caption@hangindent=\dimen344
Package caption Info: Standard document class detected.
)
\c@caption@flags=\count346
\c@continuedfloat=\count347
Package caption Info: hyperref package is loaded.
Package caption Info: listings package is loaded.
)
\c@subfigure=\count348
\c@subtable=\count349
)
(/usr/share/texlive/texmf-dist/tex/latex/adjustbox/adjustbox.sty
Package: adjustbox 2020/08/19 v1.3 Adjusting TeX boxes (trim, clip, ...)

(/usr/share/texlive/texmf-dist/tex/latex/adjustbox/adjcalc.sty
Package: adjcalc 2012/05/16 v1.1 Provides advanced setlength with multiple back
-ends (calc, etex, pgfmath)
)
(/usr/share/texlive/texmf-dist/tex/latex/adjustbox/trimclip.sty
Package: trimclip 2020/08/19 v1.2 Trim and clip general TeX material

(/usr/share/texlive/texmf-dist/tex/latex/collectbox/collectbox.sty
Package: collectbox 2012/05/17 v0.4b Collect macro arguments as boxes
\collectedbox=\box86
)
\tc@llx=\dimen345
\tc@lly=\dimen346
\tc@urx=\dimen347
\tc@ury=\dimen348
Package trimclip Info: Using driver 'tc-pdftex.def'.

(/usr/share/texlive/texmf-dist/tex/latex/adjustbox/tc-pdftex.def
File: tc-pdftex.def 2019/01/04 v2.2 Clipping driver for pdftex
))
\adjbox@Width=\dimen349
\adjbox@Height=\dimen350
\adjbox@Depth=\dimen351
\adjbox@Totalheight=\dimen352
\adjbox@pwidth=\dimen353
\adjbox@pheight=\dimen354
\adjbox@pdepth=\dimen355
\adjbox@ptotalheight=\dimen356

(/usr/share/texlive/texmf-dist/tex/latex/ifoddpage/ifoddpage.sty
Package: ifoddpage 2016/04/23 v1.1 Conditionals for odd/even page detection
\c@checkoddpage=\count350
)
(/usr/share/texlive/texmf-dist/tex/latex/varwidth/varwidth.sty
Package: varwidth 2009/03/30 ver 0.92;  Variable-width minipages
\@vwid@box=\box87
\sift@deathcycles=\count351
\@vwid@loff=\dimen357
\@vwid@roff=\dimen358
))
(/usr/share/texlive/texmf-dist/tex/latex/parskip/parskip.sty
Package: parskip 2021-03-14 v2.0h non-zero parskip adjustments
)
(/usr/share/texlive/texmf-dist/tex/latex/amsfonts/amssymb.sty
Package: amssymb 2013/01/14 v3.01 AMS font symbols

(/usr/share/texlive/texmf-dist/tex/latex/amsfonts/amsfonts.sty
Package: amsfonts 2013/01/14 v3.01 Basic AMSFonts support
\symAMSa=\mathgroup6
\symAMSb=\mathgroup7
LaTeX Font Info:    Overwriting math alphabet `\mathfrak' in version `bold'
(Font)                  U/euf/m/n --> U/euf/b/n on input line 106.
))
(/usr/share/texlive/texmf-dist/tex/latex/stmaryrd/stmaryrd.sty
Package: stmaryrd 1994/03/03 St Mary's Road symbol package
\symstmry=\mathgroup8
LaTeX Font Info:    Overwriting symbol font `stmry' in version `bold'
(Font)                  U/stmry/m/n --> U/stmry/b/n on input line 89.
)
(/usr/share/texmf/tex/latex/polytable/polytable.sty
Package: polytable 2013/07/18 v0.8.5 `polytable' package (Andres Loeh)

(/usr/share/texmf/tex/latex/polytable/lazylist.sty)
\PT@colwidth=\dimen359
\PT@cols=\count352
\PT@table=\count353
\PT@toks=\toks55
\PT@in=\read7
\PT@out=\write6
)
\blanklineskip=\skip56

(/usr/share/texlive/texmf-dist/tex/latex/tools/calc.sty
Package: calc 2017/05/25 v4.3 Infix arithmetic (KKT,FJ)
\calc@Acount=\count354
\calc@Bcount=\count355
\calc@Adimen=\dimen360
\calc@Bdimen=\dimen361
\calc@Askip=\skip57
\calc@Bskip=\skip58
LaTeX Info: Redefining \setlength on input line 80.
LaTeX Info: Redefining \addtolength on input line 81.
\calc@Ccount=\count356
\calc@Cskip=\skip59
)
\@indexfile=\write7
\openout7 = `cp2223t.idx'.


Writing index file cp2223t.idx
LaTeX Font Info:    Trying to load font information for OT1+FiraSans-LF on inpu
t line 294.
(/usr/share/texlive/texmf-dist/tex/latex/fira/OT1FiraSans-LF.fd
File: OT1FiraSans-LF.fd 2019/10/10 (autoinst) Font definitions for OT1/FiraSans
-LF.
)
LaTeX Font Info:    Font shape `OT1/FiraSans-LF/sl/n' in size <10> not availabl
e
(Font)              Font shape `OT1/FiraSans-LF/book/n' tried instead on input 
line 294.
LaTeX Font Info:    Font shape `OT1/FiraSans-LF/book/n' will be
(Font)              scaled to size 10.0pt on input line 294.
 (./cp2223t.aux)
\openout1 = `cp2223t.aux'.

LaTeX Font Info:    Checking defaults for OML/cmm/m/it on input line 294.
LaTeX Font Info:    ... okay on input line 294.
LaTeX Font Info:    Checking defaults for OMS/cmsy/m/n on input line 294.
LaTeX Font Info:    ... okay on input line 294.
LaTeX Font Info:    Checking defaults for OT1/cmr/m/n on input line 294.
LaTeX Font Info:    ... okay on input line 294.
LaTeX Font Info:    Checking defaults for T1/cmr/m/n on input line 294.
LaTeX Font Info:    ... okay on input line 294.
LaTeX Font Info:    Checking defaults for TS1/cmr/m/n on input line 294.
LaTeX Font Info:    ... okay on input line 294.
LaTeX Font Info:    Checking defaults for OMX/cmex/m/n on input line 294.
LaTeX Font Info:    ... okay on input line 294.
LaTeX Font Info:    Checking defaults for U/cmr/m/n on input line 294.
LaTeX Font Info:    ... okay on input line 294.
LaTeX Font Info:    Checking defaults for PD1/pdf/m/n on input line 294.
LaTeX Font Info:    ... okay on input line 294.
LaTeX Font Info:    Checking defaults for PU/pdf/m/n on input line 294.
LaTeX Font Info:    ... okay on input line 294.

*geometry* driver: auto-detecting
*geometry* detected driver: pdftex
*geometry* verbose mode - [ preamble ] result:
* driver: pdftex
* paper: a4paper
* layout: <same size as paper>
* layoutoffset:(h,v)=(0.0pt,0.0pt)
* modes: 
* h-part:(L,W,R)=(85.35826pt, 455.24411pt, 56.9055pt)
* v-part:(T,H,B)=(71.13188pt, 702.78308pt, 71.13188pt)
* \paperwidth=597.50787pt
* \paperheight=845.04684pt
* \textwidth=455.24411pt
* \textheight=702.78308pt
* \oddsidemargin=13.08827pt
* \evensidemargin=13.08827pt
* \topmargin=-38.1381pt
* \headheight=12.0pt
* \headsep=25.0pt
* \topskip=10.0pt
* \footskip=30.0pt
* \marginparwidth=57.0pt
* \marginparsep=11.0pt
* \columnsep=10.0pt
* \skip\footins=9.0pt plus 4.0pt minus 2.0pt
* \hoffset=0.0pt
* \voffset=0.0pt
* \mag=1000
* \@twocolumnfalse
* \@twosidefalse
* \@mparswitchfalse
* \@reversemarginfalse
* (1in=72.27pt=25.4mm, 1cm=28.453pt)

\c@mv@tabular=\count357
\c@mv@boldtabular=\count358
Package hyperref Info: Link coloring ON on input line 294.
(/usr/share/texlive/texmf-dist/tex/latex/hyperref/nameref.sty
Package: nameref 2021-04-02 v2.47 Cross-referencing by name of section

(/usr/share/texlive/texmf-dist/tex/latex/refcount/refcount.sty
Package: refcount 2019/12/15 v3.6 Data extraction from label references (HO)
)
(/usr/share/texlive/texmf-dist/tex/generic/gettitlestring/gettitlestring.sty
Package: gettitlestring 2019/12/15 v1.6 Cleanup title references (HO)
)
\c@section@level=\count359
)
LaTeX Info: Redefining \ref on input line 294.
LaTeX Info: Redefining \pageref on input line 294.
LaTeX Info: Redefining \nameref on input line 294.

(./cp2223t.out) (./cp2223t.out)
\@outlinefile=\write8
\openout8 = `cp2223t.out'.


(/usr/share/texlive/texmf-dist/tex/context/base/mkii/supp-pdf.mkii
[Loading MPS to PDF converter (version 2006.09.02).]
\scratchcounter=\count360
\scratchdimen=\dimen362
\scratchbox=\box88
\nofMPsegments=\count361
\nofMParguments=\count362
\everyMPshowfont=\toks56
\MPscratchCnt=\count363
\MPscratchDim=\dimen363
\MPnumerator=\count364
\makeMPintoPDFobject=\count365
\everyMPtoPDFconversion=\toks57
) (/usr/share/texlive/texmf-dist/tex/latex/epstopdf-pkg/epstopdf-base.sty
Package: epstopdf-base 2020-01-24 v2.11 Base part for package epstopdf
Package epstopdf-base Info: Redefining graphics rule for `.eps' on input line 4
85.

(/usr/share/texlive/texmf-dist/tex/latex/latexconfig/epstopdf-sys.cfg
File: epstopdf-sys.cfg 2010/07/13 v1.3 Configuration of (r)epstopdf for TeX Liv
e
))
LaTeX Font Info:    Trying to load font information for OT1+ztmcm on input line
 294.

(/usr/share/texlive/texmf-dist/tex/latex/psnfss/ot1ztmcm.fd
File: ot1ztmcm.fd 2000/01/03 Fontinst v1.801 font definitions for OT1/ztmcm.
)
LaTeX Font Info:    Trying to load font information for OML+ztmcm on input line
 294.

(/usr/share/texlive/texmf-dist/tex/latex/psnfss/omlztmcm.fd
File: omlztmcm.fd 2000/01/03 Fontinst v1.801 font definitions for OML/ztmcm.
)
LaTeX Font Info:    Trying to load font information for OMS+ztmcm on input line
 294.

(/usr/share/texlive/texmf-dist/tex/latex/psnfss/omsztmcm.fd
File: omsztmcm.fd 2000/01/03 Fontinst v1.801 font definitions for OMS/ztmcm.
)
LaTeX Font Info:    Trying to load font information for OMX+ztmcm on input line
 294.

(/usr/share/texlive/texmf-dist/tex/latex/psnfss/omxztmcm.fd
File: omxztmcm.fd 2000/01/03 Fontinst v1.801 font definitions for OMX/ztmcm.
)
LaTeX Font Info:    Trying to load font information for OT1+ptm on input line 2
94.

(/usr/share/texlive/texmf-dist/tex/latex/psnfss/ot1ptm.fd
File: ot1ptm.fd 2001/06/04 font definitions for OT1/ptm.
)
LaTeX Font Info:    Font shape `OT1/ptm/bx/n' in size <10> not available
(Font)              Font shape `OT1/ptm/b/n' tried instead on input line 294.
LaTeX Font Info:    Font shape `OT1/ptm/bx/n' in size <7.4> not available
(Font)              Font shape `OT1/ptm/b/n' tried instead on input line 294.
LaTeX Font Info:    Font shape `OT1/ptm/bx/n' in size <6> not available
(Font)              Font shape `OT1/ptm/b/n' tried instead on input line 294.
LaTeX Font Info:    Trying to load font information for U+stmry on input line 2
94.

(/usr/share/texlive/texmf-dist/tex/latex/stmaryrd/Ustmry.fd)
Package xypdf Info: Line width: 0.3999pt on input line 294.
\c@lstlisting=\count366
Package caption Info: Begin \AtBeginDocument code.
Package caption Info: End \AtBeginDocument code.
LaTeX Font Info:    Font shape `OT1/FiraSans-LF/sl/n' in size <17.28> not avail
able
(Font)              Font shape `OT1/FiraSans-LF/book/n' tried instead on input 
line 299.
LaTeX Font Info:    Font shape `OT1/FiraSans-LF/book/n' will be
(Font)              scaled to size 17.28pt on input line 299.
LaTeX Font Info:    Font shape `OT1/FiraSans-LF/b/n' in size <17.28> not availa
ble
(Font)              Font shape `OT1/FiraSans-LF/bold/n' tried instead on input 
line 299.
LaTeX Font Info:    Font shape `OT1/FiraSans-LF/bold/n' will be
(Font)              scaled to size 17.28pt on input line 299.
LaTeX Font Info:    Font shape `OT1/FiraSans-LF/sl/n' in size <12> not availabl
e
(Font)              Font shape `OT1/FiraSans-LF/book/n' tried instead on input 
line 299.
LaTeX Font Info:    Font shape `OT1/FiraSans-LF/book/n' will be
(Font)              scaled to size 12.0pt on input line 299.
LaTeX Font Info:    Font shape `OT1/ptm/bx/n' in size <12> not available
(Font)              Font shape `OT1/ptm/b/n' tried instead on input line 299.
LaTeX Font Info:    Font shape `OT1/ptm/bx/n' in size <9> not available
(Font)              Font shape `OT1/ptm/b/n' tried instead on input line 299.
LaTeX Font Info:    Font shape `OT1/ptm/bx/n' in size <7> not available
(Font)              Font shape `OT1/ptm/b/n' tried instead on input line 299.
LaTeX Font Info:    Font shape `OT1/FiraSans-LF/sl/sl' in size <12> not availab
le
(Font)              Font shape `OT1/FiraSans-LF/book/sl' tried instead on input
 line 299.
LaTeX Font Info:    Font shape `OT1/FiraSans-LF/book/sl' in size <12> not avail
able
(Font)              Font shape `OT1/FiraSans-LF/book/it' tried instead on input
 line 299.
LaTeX Font Info:    Font shape `OT1/FiraSans-LF/book/it' will be
(Font)              scaled to size 12.0pt on input line 299.
LaTeX Font Info:    Font shape `OT1/FiraSans-LF/b/n' in size <12> not available

(Font)              Font shape `OT1/FiraSans-LF/bold/n' tried instead on input 
line 302.
LaTeX Font Info:    Font shape `OT1/FiraSans-LF/bold/n' will be
(Font)              scaled to size 12.0pt on input line 302.
LaTeX Font Info:    Font shape `OT1/FiraSans-LF/sl/n' in size <14.4> not availa
ble
(Font)              Font shape `OT1/FiraSans-LF/book/n' tried instead on input 
line 312.
LaTeX Font Info:    Font shape `OT1/FiraSans-LF/book/n' will be
(Font)              scaled to size 14.4pt on input line 312.
LaTeX Font Info:    Font shape `OT1/FiraSans-LF/b/n' in size <14.4> not availab
le
(Font)              Font shape `OT1/FiraSans-LF/bold/n' tried instead on input 
line 312.
LaTeX Font Info:    Font shape `OT1/FiraSans-LF/bold/n' will be
(Font)              scaled to size 14.4pt on input line 312.
LaTeX Font Info:    Font shape `OT1/FiraSans-LF/sl/it' in size <10> not availab
le
(Font)              Font shape `OT1/FiraSans-LF/book/it' tried instead on input
 line 316.
LaTeX Font Info:    Font shape `OT1/FiraSans-LF/book/it' will be
(Font)              scaled to size 10.0pt on input line 316.
\openout6 = `cp2223t.ptb'.

\openout6 = `cp2223t.ptb'.

\openout6 = `cp2223t.ptb'.

\openout6 = `cp2223t.ptb'.

 [1

{/var/lib/texmf/fonts/map/pdftex/updmap/pdftex.map}]
LaTeX Font Info:    Font shape `OT1/FiraSans-LF/b/n' in size <10> not available

(Font)              Font shape `OT1/FiraSans-LF/bold/n' tried instead on input 
line 380.
LaTeX Font Info:    Font shape `OT1/FiraSans-LF/bold/n' will be
(Font)              scaled to size 10.0pt on input line 380.
LaTeX Font Info:    Font shape `OT1/FiraSans-LF/sl/sl' in size <10> not availab
le
(Font)              Font shape `OT1/FiraSans-LF/book/sl' tried instead on input
 line 385.
LaTeX Font Info:    Font shape `OT1/FiraSans-LF/book/sl' in size <10> not avail
able
(Font)              Font shape `OT1/FiraSans-LF/book/it' tried instead on input
 line 385.
LaTeX Font Info:    Font shape `OT1/FiraSans-LF/book/it' will be
(Font)              scaled to size 10.0pt on input line 385.
\openout6 = `cp2223t.ptb'.

LaTeX Font Info:    Font shape `OT1/FiraSans-LF/sl/n' in size <7.4> not availab
le
(Font)              Font shape `OT1/FiraSans-LF/book/n' tried instead on input 
line 415.
LaTeX Font Info:    Font shape `OT1/FiraSans-LF/book/n' will be
(Font)              scaled to size 7.4pt on input line 415.
LaTeX Font Info:    Font shape `OT1/FiraSans-LF/sl/n' in size <6> not available

(Font)              Font shape `OT1/FiraSans-LF/book/n' tried instead on input 
line 415.
LaTeX Font Info:    Font shape `OT1/FiraSans-LF/book/n' will be
(Font)              scaled to size 6.0pt on input line 415.
LaTeX Font Info:    Font shape `OT1/FiraSans-LF/sl/n' in size <8> not available

(Font)              Font shape `OT1/FiraSans-LF/book/n' tried instead on input 
line 417.
LaTeX Font Info:    Font shape `OT1/FiraSans-LF/book/n' will be
(Font)              scaled to size 8.0pt on input line 417.
LaTeX Font Info:    Font shape `OT1/ptm/bx/n' in size <8> not available
(Font)              Font shape `OT1/ptm/b/n' tried instead on input line 417.
LaTeX Font Info:    Font shape `OT1/ptm/bx/n' in size <5> not available
(Font)              Font shape `OT1/ptm/b/n' tried instead on input line 417.
LaTeX Font Info:    Font shape `OT1/FiraSans-LF/sl/it' in size <8> not availabl
e
(Font)              Font shape `OT1/FiraSans-LF/book/it' tried instead on input
 line 417.
LaTeX Font Info:    Font shape `OT1/FiraSans-LF/book/it' will be
(Font)              scaled to size 8.0pt on input line 417.
\openout6 = `cp2223t.ptb'.

LaTeX Font Info:    Font shape `OT1/FiraSans-LF/sl/it' in size <5> not availabl
e
(Font)              Font shape `OT1/FiraSans-LF/book/it' tried instead on input
 line 434.
LaTeX Font Info:    Font shape `OT1/FiraSans-LF/book/it' will be
(Font)              scaled to size 5.0pt on input line 434.
 <xymatrix 3x2

LaTeX Font Warning: Command \tiny invalid in math mode on input line 441.

LaTeX Font Info:    Font shape `OT1/FiraSans-LF/sl/n' in size <5> not available

(Font)              Font shape `OT1/FiraSans-LF/book/n' tried instead on input 
line 441.
LaTeX Font Info:    Font shape `OT1/FiraSans-LF/book/n' will be
(Font)              scaled to size 5.0pt on input line 441.
281>
LaTeX Font Info:    Font shape `OT1/FiraSans-LF/b/n' in size <8> not available
(Font)              Font shape `OT1/FiraSans-LF/bold/n' tried instead on input 
line 478.
LaTeX Font Info:    Font shape `OT1/FiraSans-LF/bold/n' will be
(Font)              scaled to size 8.0pt on input line 478.
 [2]
\openout6 = `cp2223t.ptb'.

LaTeX Font Info:    Font shape `OT1/FiraSans-LF/sl/n' in size <9> not available

(Font)              Font shape `OT1/FiraSans-LF/book/n' tried instead on input 
line 493.
LaTeX Font Info:    Font shape `OT1/FiraSans-LF/book/n' will be
(Font)              scaled to size 9.0pt on input line 493.
<cp2223t_media/tapete1.png, id=89, 486.81876pt x 486.81876pt>
File: cp2223t_media/tapete1.png Graphic file (type png)
<use cp2223t_media/tapete1.png>
Package pdftex.def Info: cp2223t_media/tapete1.png  used on input line 538.
(pdftex.def)             Requested size: 86.49748pt x 86.49449pt.
<cp2223t_media/tapete2.png, id=91, 486.81876pt x 486.81876pt>
File: cp2223t_media/tapete2.png Graphic file (type png)
<use cp2223t_media/tapete2.png>
Package pdftex.def Info: cp2223t_media/tapete2.png  used on input line 539.
(pdftex.def)             Requested size: 86.49748pt x 86.49449pt.
<cp2223t_media/tapete3.png, id=92, 486.81876pt x 486.81876pt>
File: cp2223t_media/tapete3.png Graphic file (type png)
<use cp2223t_media/tapete3.png>
Package pdftex.def Info: cp2223t_media/tapete3.png  used on input line 540.
(pdftex.def)             Requested size: 86.49748pt x 86.49449pt.
<cp2223t_media/tapete4.png, id=93, 486.81876pt x 486.81876pt>
File: cp2223t_media/tapete4.png Graphic file (type png)
<use cp2223t_media/tapete4.png>
Package pdftex.def Info: cp2223t_media/tapete4.png  used on input line 541.
(pdftex.def)             Requested size: 86.49748pt x 86.49449pt.
<cp2223t_media/tapete5.png, id=94, 486.81876pt x 486.81876pt>
File: cp2223t_media/tapete5.png Graphic file (type png)
<use cp2223t_media/tapete5.png>
Package pdftex.def Info: cp2223t_media/tapete5.png  used on input line 542.
(pdftex.def)             Requested size: 86.49748pt x 86.49449pt.


LaTeX Warning: `!h' float specifier changed to `!ht'.

<cp2223t_media/tapete_ex.png, id=96, 819.06pt x 819.06pt>
File: cp2223t_media/tapete_ex.png Graphic file (type png)
<use cp2223t_media/tapete_ex.png>
Package pdftex.def Info: cp2223t_media/tapete_ex.png  used on input line 553.
(pdftex.def)             Requested size: 159.33821pt x 159.33487pt.

LaTeX Warning: `!h' float specifier changed to `!ht'.

[3]
\openout6 = `cp2223t.ptb'.

 [4 <./cp2223t_media/tapete1.png> <./cp2223t_media/tapete2.png> <./cp2223t_medi
a/tapete3.png> <./cp2223t_media/tapete4.png> <./cp2223t_media/tapete5.png> <./c
p2223t_media/tapete_ex.png>]
\openout6 = `cp2223t.ptb'.

\openout6 = `cp2223t.ptb'.

\openout6 = `cp2223t.ptb'.

\openout6 = `cp2223t.ptb'.

\openout6 = `cp2223t.ptb'.

 [5]
\openout6 = `cp2223t.ptb'.

LaTeX Font Info:    Trying to load font information for TS1+FiraSans-LF on inpu
t line 748.

(/usr/share/texlive/texmf-dist/tex/latex/fira/TS1FiraSans-LF.fd
File: TS1FiraSans-LF.fd 2019/10/10 (autoinst) Font definitions for TS1/FiraSans
-LF.
)
LaTeX Font Info:    Font shape `TS1/FiraSans-LF/sl/n' in size <10> not availabl
e
(Font)              Font shape `TS1/FiraSans-LF/book/n' tried instead on input 
line 748.
LaTeX Font Info:    Font shape `TS1/FiraSans-LF/book/n' will be
(Font)              scaled to size 10.0pt on input line 748.
<cp2223t_media/wcup2022.png, id=141, 2454.16875pt x 1385.175pt>
File: cp2223t_media/wcup2022.png Graphic file (type png)
<use cp2223t_media/wcup2022.png>
Package pdftex.def Info: cp2223t_media/wcup2022.png  used on input line 755.
(pdftex.def)             Requested size: 306.77034pt x 173.14645pt.
 [6]
\openout6 = `cp2223t.ptb'.

\openout6 = `cp2223t.ptb'.

\openout6 = `cp2223t.ptb'.

LaTeX Font Info:    Font shape `OT1/FiraSans-LF/sl/sl' in size <7.4> not availa
ble
(Font)              Font shape `OT1/FiraSans-LF/book/sl' tried instead on input
 line 808.
LaTeX Font Info:    Font shape `OT1/FiraSans-LF/book/sl' in size <7.4> not avai
lable
(Font)              Font shape `OT1/FiraSans-LF/book/it' tried instead on input
 line 808.
LaTeX Font Info:    Font shape `OT1/FiraSans-LF/book/it' will be
(Font)              scaled to size 7.4pt on input line 808.
LaTeX Font Info:    Font shape `OT1/FiraSans-LF/sl/sl' in size <6> not availabl
e
(Font)              Font shape `OT1/FiraSans-LF/book/sl' tried instead on input
 line 808.
LaTeX Font Info:    Font shape `OT1/FiraSans-LF/book/sl' in size <6> not availa
ble
(Font)              Font shape `OT1/FiraSans-LF/book/it' tried instead on input
 line 808.
LaTeX Font Info:    Font shape `OT1/FiraSans-LF/book/it' will be
(Font)              scaled to size 6.0pt on input line 808.
\openout6 = `cp2223t.ptb'.

\openout6 = `cp2223t.ptb'.

\openout6 = `cp2223t.ptb'.

\openout6 = `cp2223t.ptb'.

\openout6 = `cp2223t.ptb'.

\openout6 = `cp2223t.ptb'.

 [7 <./cp2223t_media/wcup2022.png>]
\openout6 = `cp2223t.ptb'.

\openout6 = `cp2223t.ptb'.

\openout6 = `cp2223t.ptb'.

 [8]
\openout6 = `cp2223t.ptb'.

\openout6 = `cp2223t.ptb'.

LaTeX Font Info:    Font shape `OT1/FiraSans-LF/sl/n' in size <20.74> not avail
able
(Font)              Font shape `OT1/FiraSans-LF/book/n' tried instead on input 
line 973.
LaTeX Font Info:    Font shape `OT1/FiraSans-LF/book/n' will be
(Font)              scaled to size 20.74pt on input line 973.
LaTeX Font Info:    Font shape `OT1/FiraSans-LF/b/n' in size <20.74> not availa
ble
(Font)              Font shape `OT1/FiraSans-LF/bold/n' tried instead on input 
line 973.
LaTeX Font Info:    Font shape `OT1/FiraSans-LF/bold/n' will be
(Font)              scaled to size 20.74pt on input line 973.


LaTeX Warning: Citation `Kn92' on page 9 undefined on input line 981.

[9]

LaTeX Warning: Citation `Ol18' on page 10 undefined on input line 1048.

<xymatrix 2x2 191>
LaTeX Font Info:    Font shape `OT1/ptm/bx/n' in size <14.4> not available
(Font)              Font shape `OT1/ptm/b/n' tried instead on input line 1081.
LaTeX Font Info:    Font shape `OT1/ptm/bx/n' in size <10.95> not available
(Font)              Font shape `OT1/ptm/b/n' tried instead on input line 1081.


Package hyperref Warning: Token not allowed in a PDF string (Unicode):
(hyperref)                removing `subscript' on input line 1081.


LaTeX Warning: Citation `Ol18' on page 10 undefined on input line 1085.

\openout6 = `cp2223t.ptb'.

[10]
\openout6 = `cp2223t.ptb'.



LaTeX Warning: Citation `Ol18' on page 11 undefined on input line 1136.

\openout6 = `cp2223t.ptb'.

\openout6 = `cp2223t.ptb'.

\openout6 = `cp2223t.ptb'.

[11]
\openout6 = `cp2223t.ptb'.

\openout6 = `cp2223t.ptb'.



LaTeX Warning: Citation `EK06' on page 12 undefined on input line 1231.

\openout6 = `cp2223t.ptb'.

\openout6 = `cp2223t.ptb'.

\openout6 = `cp2223t.ptb'.

\openout6 = `cp2223t.ptb'.

[12]
\openout6 = `cp2223t.ptb'.

\openout6 = `cp2223t.ptb'.

\openout6 = `cp2223t.ptb'.

\openout6 = `cp2223t.ptb'.

\openout6 = `cp2223t.ptb'.

\openout6 = `cp2223t.ptb'.

\openout6 = `cp2223t.ptb'.

 [13]
\openout6 = `cp2223t.ptb'.

\openout6 = `cp2223t.ptb'.

\openout6 = `cp2223t.ptb'.

\openout6 = `cp2223t.ptb'.

\openout6 = `cp2223t.ptb'.

\openout6 = `cp2223t.ptb'.

\openout6 = `cp2223t.ptb'.

\openout6 = `cp2223t.ptb'.

\openout6 = `cp2223t.ptb'.

 [14]
Missing character: There is no  in font cmtt10!
\openout6 = `cp2223t.ptb'.

[15]
<cp2223t_media/tempo.png, id=267, 184.89075pt x 81.906pt>
File: cp2223t_media/tempo.png Graphic file (type png)
<use cp2223t_media/tempo.png>
Package pdftex.def Info: cp2223t_media/tempo.png  used on input line 1669.
(pdftex.def)             Requested size: 227.62206pt x 100.84375pt.
 <xymatrix 2x2 59>
\openout6 = `cp2223t.ptb'.

\openout6 = `cp2223t.ptb'.

 [16 <./cp2223t_media/tempo.png>]
\openout6 = `cp2223t.ptb'.

 <xymatrix 2x2

LaTeX Font Warning: Command \tiny invalid in math mode on input line 1756.

182>

LaTeX Font Warning: Command \tiny invalid in math mode on input line 1767.

<xymatrix 3x2 231>
\openout6 = `cp2223t.ptb'.

\openout6 = `cp2223t.ptb'.

 [17]
\openout6 = `cp2223t.ptb'.

\openout6 = `cp2223t.ptb'.

 <xymatrix 3x3 380>
\openout6 = `cp2223t.ptb'.

 <xymatrix 2x2 182>
Overfull \hbox (11.0692pt too wide) detected at line 1872
\OT1/ztmcm/m/n/9 (((1\OML/ztmcm/m/it/9 ; \OT1/ztmcm/m/n/9 1)\OML/ztmcm/m/it/9 ;
 \OT1/ztmcm/m/n/9 1)\OML/ztmcm/m/it/9 ; \OT1/ztmcm/m/n/9 [(((0\OML/ztmcm/m/it/9
 ; \OT1/ztmcm/m/n/9 0)\OML/ztmcm/m/it/9 ; \OT1/ztmcm/m/n/9 1)\OML/ztmcm/m/it/9 
; \OT1/ztmcm/m/n/9 0)\OML/ztmcm/m/it/9 ; \OT1/ztmcm/m/n/9 (((0\OML/ztmcm/m/it/9
 ; \OT1/ztmcm/m/n/9 1)\OML/ztmcm/m/it/9 ; \OT1/ztmcm/m/n/9 1)\OML/ztmcm/m/it/9 
; \OT1/ztmcm/m/n/9 0)\OML/ztmcm/m/it/9 ; \OT1/ztmcm/m/n/9 (((0\OML/ztmcm/m/it/9
 ; \OT1/ztmcm/m/n/9 2)\OML/ztmcm/m/it/9 ; \OT1/ztmcm/m/n/9 1)\OML/ztmcm/m/it/9 
; \OT1/ztmcm/m/n/9 0)\OML/ztmcm/m/it/9 ; \OT1/ztmcm/m/n/9 (((1\OML/ztmcm/m/it/9
 ; \OT1/ztmcm/m/n/9 0)\OML/ztmcm/m/it/9 ; \OT1/ztmcm/m/n/9 1)\OML/ztmcm/m/it/9 
; \OT1/ztmcm/m/n/9 0)\OML/ztmcm/m/it/9 ; \OT1/ztmcm/m/n/9 (((1\OML/ztmcm/m/it/9
 ; \OT1/ztmcm/m/n/9 2)\OML/ztmcm/m/it/9 ; \OT1/ztmcm/m/n/9 1)\OML/ztmcm/m/it/9 
; \OT1/ztmcm/m/n/9 0)\OML/ztmcm/m/it/9 ; \OT1/ztmcm/m/n/9 (((2\OML/ztmcm/m/it/9
 ; \OT1/ztmcm/m/n/9 0)\OML/ztmcm/m/it/9 ; \OT1/ztmcm/m/n/9 1)\OML/ztmcm/m/it/9 
; \OT1/ztmcm/m/n/9 0)(((2\OML/ztmcm/m/it/9 ; \OT1/ztmcm/m/n/9 0)\OML/ztmcm/m/it
/9 ; \OT1/ztmcm/m/n/9 1)\OML/ztmcm/m/it/9 ; \OT1/ztmcm/m/n/9 0)\OML/ztmcm/m/it/
9 ; \OT1/ztmcm/m/n/9 (((2\OML/ztmcm/m/it/9 ; \OT1/ztmcm/m/n/9 2)\OML/ztmcm/m/it
/9 ; \OT1/ztmcm/m/n/9 1)\OML/ztmcm/m/it/9 ; \OT1/ztmcm/m/n/9 0)])
 []

[18]
\openout6 = `cp2223t.ptb'.

\openout6 = `cp2223t.ptb'.

\openout6 = `cp2223t.ptb'.

LaTeX Font Info:    Font shape `OT1/FiraSans-LF/sl/it' in size <9> not availabl
e
(Font)              Font shape `OT1/FiraSans-LF/book/it' tried instead on input
 line 1909.
LaTeX Font Info:    Font shape `OT1/FiraSans-LF/book/it' will be
(Font)              scaled to size 9.0pt on input line 1909.
LaTeX Font Info:    Font shape `OT1/FiraSans-LF/sl/n' in size <7> not available

(Font)              Font shape `OT1/FiraSans-LF/book/n' tried instead on input 
line 1909.
LaTeX Font Info:    Font shape `OT1/FiraSans-LF/book/n' will be
(Font)              scaled to size 7.0pt on input line 1909.
 <xymatrix 2x2 182>
\openout6 = `cp2223t.ptb'.

LaTeX Font Info:    Font shape `OT1/FiraSans-LF/b/n' in size <9> not available
(Font)              Font shape `OT1/FiraSans-LF/bold/n' tried instead on input 
line 1931.
LaTeX Font Info:    Font shape `OT1/FiraSans-LF/bold/n' will be
(Font)              scaled to size 9.0pt on input line 1931.
 <xymatrix 2x2 182>
\openout6 = `cp2223t.ptb'.

\openout6 = `cp2223t.ptb'.

\openout6 = `cp2223t.ptb'.

 [19] <xymatrix 2x2 182> <xymatrix
3x2 231>
\openout6 = `cp2223t.ptb'.

\openout6 = `cp2223t.ptb'.

\openout6 = `cp2223t.ptb'.

 [20] <xymatrix 3x5 472>
\openout6 = `cp2223t.ptb'.

\openout6 = `cp2223t.ptb'.

 <xymatrix 2x2

LaTeX Font Warning: Command \tiny invalid in math mode on input line 2116.

182>
\openout6 = `cp2223t.ptb'.

\openout6 = `cp2223t.ptb'.

\openout6 = `cp2223t.ptb'.

 [21]
\openout6 = `cp2223t.ptb'.

\openout6 = `cp2223t.ptb'.

 <xymatrix 3x7 578>
\openout6 = `cp2223t.ptb'.

\openout6 = `cp2223t.ptb'.

 (./cp2223t.ind [22] [23


])
No file cp2223t.bbl.
(./cp2223t.aux)

LaTeX Warning: There were undefined references.

Package rerunfilecheck Info: File `cp2223t.out' has not changed.
(rerunfilecheck)             Checksum: 198FBAC9DCE1E7BFD94A43BA0836654E;1628.
 ) 
Here is how much of TeX's memory you used:
 35502 strings out of 480154
 674313 string characters out of 5893789
 1018948 words of memory out of 5000000
 52667 multiletter control sequences out of 15000+600000
 653851 words of font info for 222 fonts, out of 8000000 for 9000
 61 hyphenation exceptions out of 8191
 99i,24n,131p,3294b,1410s stack positions out of 5000i,500n,10000p,200000b,80000s
pdfTeX warning (dest): name{section.3.17} has been referenced but does not ex
ist, replaced by a fixed one

{/usr/share/texlive/texmf-dist/fonts/enc/dvips/fira/fir_d67aat.enc}{/usr/share/
texlive/texmf-dist/fonts/enc/dvips/base/8r.enc}{/usr/share/texlive/texmf-dist/f
onts/enc/dvips/fira/fir_ugbesn.enc}</usr/share/texlive/texmf-dist/fonts/type1/p
ublic/fira/FiraSans-Bold.pfb></usr/share/texlive/texmf-dist/fonts/type1/public/
fira/FiraSans-Book.pfb></usr/share/texlive/texmf-dist/fonts/type1/public/fira/F
iraSans-BookItalic.pfb></usr/share/texlive/texmf-dist/fonts/type1/public/amsfon
ts/cm/cmex10.pfb></usr/share/texlive/texmf-dist/fonts/type1/public/amsfonts/cm/
cmmi10.pfb></usr/share/texlive/texmf-dist/fonts/type1/public/amsfonts/cm/cmr10.
pfb></usr/share/texlive/texmf-dist/fonts/type1/public/amsfonts/cm/cmss10.pfb></
usr/share/texlive/texmf-dist/fonts/type1/public/amsfonts/cm/cmss8.pfb></usr/sha
re/texlive/texmf-dist/fonts/type1/public/amsfonts/cm/cmss9.pfb></usr/share/texl
ive/texmf-dist/fonts/type1/public/amsfonts/cm/cmsy10.pfb></usr/share/texlive/te
xmf-dist/fonts/type1/public/amsfonts/cm/cmtt10.pfb></usr/share/texlive/texmf-di
st/fonts/type1/public/amsfonts/cm/cmtt9.pfb></usr/share/texlive/texmf-dist/font
s/type1/public/amsfonts/symbols/msam10.pfb></usr/share/texlive/texmf-dist/fonts
/type1/public/amsfonts/symbols/msbm10.pfb></usr/share/texlive/texmf-dist/fonts/
type1/public/stmaryrd/stmary10.pfb></usr/share/texlive/texmf-dist/fonts/type1/p
ublic/stmaryrd/stmary7.pfb></usr/share/texlive/texmf-dist/fonts/type1/public/st
maryrd/stmary9.pfb></usr/share/texlive/texmf-dist/fonts/type1/urw/symbol/usyr.p
fb></usr/share/texlive/texmf-dist/fonts/type1/urw/symbol/usyr.pfb></usr/share/t
exlive/texmf-dist/fonts/type1/urw/times/utmb8a.pfb></usr/share/texlive/texmf-di
st/fonts/type1/urw/times/utmr8a.pfb></usr/share/texlive/texmf-dist/fonts/type1/
urw/times/utmri8a.pfb></usr/share/texlive/texmf-dist/fonts/type1/public/xypic/x
yatip10.pfb></usr/share/texlive/texmf-dist/fonts/type1/public/xypic/xybtip10.pf
b>
Output written on cp2223t.pdf (23 pages, 745114 bytes).
PDF statistics:
 498 PDF objects out of 1000 (max. 8388607)
 394 compressed objects within 4 object streams
 86 named destinations out of 1000 (max. 500000)
 109 words of extra memory for PDF output out of 10000 (max. 10000000)

